1566912058584	mozrunner::runner	INFO	Running command: "C:\\Program Files\\Mozilla Firefox\\firefox.exe" "-marionette" "-foreground" "-no-remote" "-profile" "C:\\Users\\JIANGH~1\\AppData\\Local\\Temp\\rust_mozprofile.bt0Fy9iSfS6A"
1566912060225	addons.webextension.screenshots@mozilla.org	WARN	Loading extension 'screenshots@mozilla.org': Reading manifest: Invalid extension permission: mozillaAddons
1566912060225	addons.webextension.screenshots@mozilla.org	WARN	Loading extension 'screenshots@mozilla.org': Reading manifest: Invalid extension permission: telemetry
1566912060226	addons.webextension.screenshots@mozilla.org	WARN	Loading extension 'screenshots@mozilla.org': Reading manifest: Invalid extension permission: resource://pdf.js/
1566912060226	addons.webextension.screenshots@mozilla.org	WARN	Loading extension 'screenshots@mozilla.org': Reading manifest: Invalid extension permission: about:reader*
1566912068055	Marionette	INFO	Listening on port 59341
1566912068188	Marionette	WARN	TLS certificate errors will be ignored for this session
1566912091831	Marionette	WARN	TimedPromise timed out after 500 ms: stacktrace:
bail@chrome://marionette/content/sync.js:223:64
send@http://www.5itest.cn/static-dist/libs/vendor.js?8.0.16:7:14661
ajax@http://www.5itest.cn/static-dist/libs/vendor.js?8.0.16:7:11361
e08e353dfaa39855b303/<@http://www.5itest.cn/static-dist/libs/jquery-validation.js?8.0.16:1:10833
check@http://www.5itest.cn/static-dist/libs/jquery-validation.js?8.0.16:1:22714
checkForm@http://www.5itest.cn/static-dist/libs/jquery-validation.js?8.0.16:1:18743
form@http://www.5itest.cn/static-dist/libs/jquery-validation.js?8.0.16:1:18443
validate/<@http://www.5itest.cn/static-dist/libs/jquery-validation.js?8.0.16:1:12987
dispatch@http://www.5itest.cn/static-dist/libs/vendor.js?8.0.16:6:9534
add/v.handle@http://www.5itest.cn/static-dist/libs/vendor.js?8.0.16:6:6236
event.synthesizeMouseAtPoint@chrome://marionette/content/event.js:202:14
webdriverClickElement@chrome://marionette/content/interaction.js:183:11
1566912097327	Marionette	INFO	Stopped listening on port 59341
[Child 14272, Chrome_ChildThread] WARNING: pipe error: 109: file z:/task_1565706750/build/src/ipc/chromium/src/chrome/common/ipc_channel_win.cc, line 341
[Child 14272, Chrome_ChildThread] WARNING: pipe error: 109: file z:/JavaScript error: http://www.5itest.cn/static-dist/libs/vendor.js?8.0.16, line 7: SyntaxError: JSON.parse: unexpected character at line 1 column 1 of the JSON data
[Parent 20736, Gecko_IOThread] WARNING: pipe error: 109: file z:/task_1565706750/build/src/ipc/chromium/src/chrome/common/ipc_channel_win.cc, line 341
[Child 32, Chrome_ChildThread] WARNING: pipe error: 109: file z:/task_1565706750/build/src/ipc/chromium/src/chrome/common/ipc_channel_win.cc, line 341
[Child 32,
###!!! [Parent][MessageChannel] Error: (msgtype=0x1E00A0,name=PBrowser::Msg_UpdateNativeWindowHandle) Closed channel: cannot send/recv


###!!! [Parent][MessageChannel] Error: (msgtype=0x1E008F,name=PBrowser::Msg_Destroy) Closed channel: cannot send/recv


###!!! [Child][MessageChannel] Error: (msgtype=0x35011D,name=PContent::Msg_DetachBrowsingContext) Closed channel: cannot send/recv


###!!! [Child][RunMessage] Error: Channel closing: too late to send/recv, messages will be lost

[GPU 19824
###!!! [Child][MessageChannel::SendAndWait] Error: Channel error: cannot send/recv

